<?xml version="1.0" encoding="UTF-8"?>
<testng-results ignored="0" total="2" passed="2" failed="0" skipped="0">
  <reporter-output>
    <line>
      <![CDATA[user registered successfully]]>
    </line>
    <line>
      <![CDATA[user logged in successfully]]>
    </line>
  </reporter-output>
  <suite started-at="2023-09-22T17:53:43 IST" name="Default suite" finished-at="2023-09-22T17:53:44 IST" duration-ms="66">
    <groups>
    </groups>
    <test started-at="2023-09-22T17:53:43 IST" name="Default test" finished-at="2023-09-22T17:53:44 IST" duration-ms="66">
      <class name="testNG.ToLearnAttributes">
        <test-method signature="register()[pri:-1, instance:testNG.ToLearnAttributes@77fbd92c]" started-at="2023-09-22T17:53:44 IST" name="register" finished-at="2023-09-22T17:53:44 IST" duration-ms="8" status="PASS">
          <reporter-output>
            <line>
              <![CDATA[user registered successfully]]>
            </line>
          </reporter-output>
        </test-method> <!-- register -->
        <test-method signature="login()[pri:0, instance:testNG.ToLearnAttributes@77fbd92c]" started-at="2023-09-22T17:53:44 IST" name="login" finished-at="2023-09-22T17:53:44 IST" duration-ms="3" status="PASS">
          <reporter-output>
            <line>
              <![CDATA[user logged in successfully]]>
            </line>
          </reporter-output>
        </test-method> <!-- login -->
      </class> <!-- testNG.ToLearnAttributes -->
    </test> <!-- Default test -->
  </suite> <!-- Default suite -->
</testng-results>
