<?xml version="1.0" encoding="UTF-8"?>
<testng-results ignored="0" total="4" passed="4" failed="0" skipped="0">
  <reporter-output>
  </reporter-output>
  <suite started-at="2023-09-28T09:36:01 IST" name="Default suite" finished-at="2023-09-28T09:36:07 IST" duration-ms="6001">
    <groups>
    </groups>
    <test started-at="2023-09-28T09:36:01 IST" name="Default test" finished-at="2023-09-28T09:36:07 IST" duration-ms="6001">
      <class name="dataprovider.ToLearnDataProvider">
        <test-method signature="login(java.lang.String)[pri:0, instance:dataprovider.ToLearnDataProvider@55b699ef]" started-at="2023-09-28T09:36:01 IST" name="login" data-provider="data" finished-at="2023-09-28T09:36:04 IST" duration-ms="2913" status="PASS">
          <params>
            <param index="0">
              <value>
                <![CDATA[admin]]>
              </value>
            </param>
          </params>
          <reporter-output>
          </reporter-output>
        </test-method> <!-- login -->
        <test-method signature="login(java.lang.String)[pri:0, instance:dataprovider.ToLearnDataProvider@55b699ef]" started-at="2023-09-28T09:36:04 IST" name="login" data-provider="data" finished-at="2023-09-28T09:36:05 IST" duration-ms="984" status="PASS">
          <params>
            <param index="0">
              <value>
                <![CDATA[manager]]>
              </value>
            </param>
          </params>
          <reporter-output>
          </reporter-output>
        </test-method> <!-- login -->
        <test-method signature="login(java.lang.String)[pri:0, instance:dataprovider.ToLearnDataProvider@55b699ef]" started-at="2023-09-28T09:36:05 IST" name="login" data-provider="data" finished-at="2023-09-28T09:36:06 IST" duration-ms="1034" status="PASS">
          <params>
            <param index="0">
              <value>
                <![CDATA[Abhijith]]>
              </value>
            </param>
          </params>
          <reporter-output>
          </reporter-output>
        </test-method> <!-- login -->
        <test-method signature="login(java.lang.String)[pri:0, instance:dataprovider.ToLearnDataProvider@55b699ef]" started-at="2023-09-28T09:36:06 IST" name="login" data-provider="data" finished-at="2023-09-28T09:36:07 IST" duration-ms="993" status="PASS">
          <params>
            <param index="0">
              <value>
                <![CDATA[test]]>
              </value>
            </param>
          </params>
          <reporter-output>
          </reporter-output>
        </test-method> <!-- login -->
      </class> <!-- dataprovider.ToLearnDataProvider -->
    </test> <!-- Default test -->
  </suite> <!-- Default suite -->
</testng-results>
