<?xml version="1.0" encoding="UTF-8"?>
<!-- Generated by org.testng.reporters.JUnitXMLReporter -->
<testsuite ignored="2" hostname="Abhijith" failures="0" tests="2" name="Test" time="9.629" errors="0" timestamp="2023-09-26T17:16:26 IST">
  <testcase classname="company.Wipro" name="runKpmg" time="4.669"/>
  <testcase classname="company.Accenture" name="runAccenture" time="4.915"/>
  <testcase classname="company.Infosys" name="runInfosys" time="0.0">
    <ignored/>
  </testcase> <!-- runInfosys -->
  <testcase classname="company.Kpmg" name="runKpmg" time="0.0">
    <ignored/>
  </testcase> <!-- runKpmg -->
</testsuite> <!-- Test -->
